[
{
"Class": "ArrayParameter",
"advanced": true,
"compute": "fastcompute",
"context": "solution",
"copy_for": false,
"description": "uniqueids of parameters fitted by the minimizer",
"kind": "nelder_mead",
"qualifier": "fitted_uniqueids",
"readonly": true,
"solution": "latest",
"solver": "nm_solver",
"uniqueid": "UFqYKEmtNUvMMCNrZJvXBsinqeoFUd",
"value": [
"sjpoynxiWPRvmPIDJFakDKugdPGZjI",
"vgdDvKomVjFrWmgiCnzbWlUkREkTuq",
"BGKZcdvjIeqqIvXNgandVNlSBYJnzG"
],
"visible_if": "false"
},
{
"Class": "ArrayParameter",
"compute": "fastcompute",
"context": "solution",
"copy_for": false,
"description": "twigs of parameters fitted by the minimizer",
"kind": "nelder_mead",
"qualifier": "fitted_twigs",
"readonly": true,
"solution": "latest",
"solver": "nm_solver",
"uniqueid": "pGaCcGlRVHPzHomidmMtfpcRGQKLUF",
"value": [
"q@binary@orbit@component",
"vgamma@system",
"t0_supconj@binary@orbit@component"
]
},
{
"Class": "SelectTwigParameter",
"choices": [
"q@binary@orbit@component",
"vgamma@system",
"t0_supconj@binary@orbit@component"
],
"compute": "fastcompute",
"context": "solution",
"copy_for": false,
"description": "which of the parameters should be included when adopting the solution",
"kind": "nelder_mead",
"qualifier": "adopt_parameters",
"solution": "latest",
"solver": "nm_solver",
"uniqueid": "XFXwSCEFkJHzOraJgtEovOUQdxILYn",
"value": [
"q@binary@orbit@component",
"vgamma@system",
"t0_supconj@binary@orbit@component"
]
},
{
"Class": "BoolParameter",
"compute": "fastcompute",
"context": "solution",
"copy_for": false,
"description": "whether to create a distribution (of delta functions of all parameters in adopt_parameters) when calling adopt_solution.",
"kind": "nelder_mead",
"qualifier": "adopt_distributions",
"solution": "latest",
"solver": "nm_solver",
"uniqueid": "eXCSzZPasxrUKNyMLNBprJAmpjnJtD",
"value": false
},
{
"Class": "BoolParameter",
"compute": "fastcompute",
"context": "solution",
"copy_for": false,
"description": "whether to update the parameter face-values (of all parameters in adopt_parameters) when calling adopt_solution.",
"kind": "nelder_mead",
"qualifier": "adopt_values",
"solution": "latest",
"solver": "nm_solver",
"uniqueid": "cptsKcHEUdxNEuqChFSUlvxhLGajTr",
"value": true
},
{
"Class": "StringParameter",
"compute": "fastcompute",
"context": "solution",
"copy_for": false,
"description": "message from the minimizer",
"kind": "nelder_mead",
"qualifier": "message",
"readonly": true,
"solution": "latest",
"solver": "nm_solver",
"uniqueid": "nmSVnOzXgeozKWwzbjUCAsONyjmqjP",
"value": "Maximum number of iterations has been exceeded."
},
{
"Class": "IntParameter",
"compute": "fastcompute",
"context": "solution",
"copy_for": false,
"description": "number of completed iterations",
"kind": "nelder_mead",
"limits": [
0,
null
],
"qualifier": "niter",
"readonly": true,
"solution": "latest",
"solver": "nm_solver",
"uniqueid": "omPJSYmEdbYNiPszVxflrjQITVlhWV",
"value": 2
},
{
"Class": "BoolParameter",
"compute": "fastcompute",
"context": "solution",
"copy_for": false,
"description": "whether the minimizer returned a success message",
"kind": "nelder_mead",
"qualifier": "success",
"readonly": true,
"solution": "latest",
"solver": "nm_solver",
"uniqueid": "cREQfPyxhmiYHyWydHLjGlcfufuvTg",
"value": false
},
{
"Class": "ArrayParameter",
"compute": "fastcompute",
"context": "solution",
"copy_for": false,
"description": "initial values before running the minimizer (in current default units of each parameter)",
"kind": "nelder_mead",
"qualifier": "initial_values",
"readonly": true,
"solution": "latest",
"solver": "nm_solver",
"uniqueid": "FUoLxBMbSjvyqrTnrgpnygDfLXvMGj",
"value": [
1.0,
0.0,
-1.7763863324729934
]
},
{
"Class": "ArrayParameter",
"compute": "fastcompute",
"context": "solution",
"copy_for": false,
"description": "final values returned by the minimizer (in current default units of each parameter)",
"kind": "nelder_mead",
"qualifier": "fitted_values",
"readonly": true,
"solution": "latest",
"solver": "nm_solver",
"uniqueid": "tFEumSxshwZxHQwQpTYPWsnOzMscJK",
"value": [
0.8999999999999999,
0.00025,
-1.865205649096643
]
},
{
"Class": "ArrayParameter",
"advanced": true,
"compute": "fastcompute",
"context": "solution",
"copy_for": false,
"description": "units of the fitted_values",
"kind": "nelder_mead",
"qualifier": "fitted_units",
"readonly": true,
"solution": "latest",
"solver": "nm_solver",
"uniqueid": "wsfOqVmJYebklzuTyZgwsKbAUiWToP",
"value": [
"",
"km / s",
"d"
]
},
{
"Class": "StringParameter",
"compute": "fastcompute",
"context": "solution",
"copy_for": false,
"description": "User-provided comments for this solution.  Feel free to place any notes here.",
"kind": "nelder_mead",
"qualifier": "comments",
"solution": "latest",
"solver": "nm_solver",
"uniqueid": "XGKBohnADSdStfxpAUpXROHzJzQDTy",
"value": ""
}
]